<?xml version="1.0" encoding="UTF-8" ?>
<testsuite failures="0" time="0.17" errors="0" skipped="0" tests="1" name="claro.scalaweb.test.XmlProducerTest">
  <properties>
    <property name="java.runtime.name" value="Java(TM) SE Runtime Environment"/>
    <property name="sun.boot.library.path" value="D:\jdk1.6.0_21_x64\jre\bin"/>
    <property name="java.vm.version" value="17.0-b17"/>
    <property name="java.vm.vendor" value="Sun Microsystems Inc."/>
    <property name="java.vendor.url" value="http://java.sun.com/"/>
    <property name="path.separator" value=";"/>
    <property name="java.vm.name" value="Java HotSpot(TM) 64-Bit Server VM"/>
    <property name="file.encoding.pkg" value="sun.io"/>
    <property name="user.country" value="NL"/>
    <property name="sun.java.launcher" value="SUN_STANDARD"/>
    <property name="sun.os.patch.level" value=""/>
    <property name="java.vm.specification.name" value="Java Virtual Machine Specification"/>
    <property name="user.dir" value="D:\Claro\ScalaWeb"/>
    <property name="java.runtime.version" value="1.6.0_21-b07"/>
    <property name="java.awt.graphicsenv" value="sun.awt.Win32GraphicsEnvironment"/>
    <property name="basedir" value="D:\Claro\ScalaWeb"/>
    <property name="java.endorsed.dirs" value="D:\jdk1.6.0_21_x64\jre\lib\endorsed"/>
    <property name="os.arch" value="amd64"/>
    <property name="surefire.real.class.path" value="C:\Users\ruud\AppData\Local\Temp\surefirebooter3757903412113809892.jar"/>
    <property name="java.io.tmpdir" value="C:\Users\ruud\AppData\Local\Temp\"/>
    <property name="line.separator" value="
"/>
    <property name="java.vm.specification.vendor" value="Sun Microsystems Inc."/>
    <property name="user.variant" value=""/>
    <property name="os.name" value="Windows 7"/>
    <property name="sun.jnu.encoding" value="Cp1252"/>
    <property name="java.library.path" value="D:\jdk1.6.0_21_x64\jre\bin;.;C:\Windows\Sun\Java\bin;C:\Windows\system32;C:\Windows;C:\Program Files (x86)\MiKTeX 2.8\miktex\bin;C:\Program Files (x86)\liftweb-1.0.1\bin;C:\Program Files (x86)\liftweb-1.0.1/apache-maven/bin;;C:\Windows\system32;C:\Windows;C:\Windows\System32\Wbem;C:\Windows\System32\WindowsPowerShell\v1.0\;C:\Program Files (x86)\QuickTime\QTSystem\"/>
    <property name="surefire.test.class.path" value="D:\Claro\ScalaWeb\target\test-classes;D:\Claro\ScalaWeb\target\classes;C:\Users\ruud\.m2\repository\org\scala-lang\scala-library\2.8.1.RC1\scala-library-2.8.1.RC1.jar;C:\Users\ruud\.m2\repository\org\scalatest\scalatest\1.2\scalatest-1.2.jar;C:\Users\ruud\.m2\repository\junit\junit\4.5\junit-4.5.jar;"/>
    <property name="java.specification.name" value="Java Platform API Specification"/>
    <property name="java.class.version" value="50.0"/>
    <property name="sun.management.compiler" value="HotSpot 64-Bit Server Compiler"/>
    <property name="os.version" value="6.1"/>
    <property name="user.home" value="C:\Users\ruud"/>
    <property name="user.timezone" value=""/>
    <property name="java.awt.printerjob" value="sun.awt.windows.WPrinterJob"/>
    <property name="java.specification.version" value="1.6"/>
    <property name="file.encoding" value="Cp1252"/>
    <property name="user.name" value="ruud"/>
    <property name="java.class.path" value="D:\Claro\ScalaWeb\target\test-classes;D:\Claro\ScalaWeb\target\classes;C:\Users\ruud\.m2\repository\org\scala-lang\scala-library\2.8.1.RC1\scala-library-2.8.1.RC1.jar;C:\Users\ruud\.m2\repository\org\scalatest\scalatest\1.2\scalatest-1.2.jar;C:\Users\ruud\.m2\repository\junit\junit\4.5\junit-4.5.jar;"/>
    <property name="java.vm.specification.version" value="1.0"/>
    <property name="sun.arch.data.model" value="64"/>
    <property name="java.home" value="D:\jdk1.6.0_21_x64\jre"/>
    <property name="java.specification.vendor" value="Sun Microsystems Inc."/>
    <property name="user.language" value="nl"/>
    <property name="awt.toolkit" value="sun.awt.windows.WToolkit"/>
    <property name="java.vm.info" value="mixed mode"/>
    <property name="java.version" value="1.6.0_21"/>
    <property name="java.ext.dirs" value="D:\jdk1.6.0_21_x64\jre\lib\ext;C:\Windows\Sun\Java\lib\ext"/>
    <property name="sun.boot.class.path" value="D:\jdk1.6.0_21_x64\jre\lib\resources.jar;D:\jdk1.6.0_21_x64\jre\lib\rt.jar;D:\jdk1.6.0_21_x64\jre\lib\sunrsasign.jar;D:\jdk1.6.0_21_x64\jre\lib\jsse.jar;D:\jdk1.6.0_21_x64\jre\lib\jce.jar;D:\jdk1.6.0_21_x64\jre\lib\charsets.jar;D:\jdk1.6.0_21_x64\jre\classes"/>
    <property name="java.vendor" value="Sun Microsystems Inc."/>
    <property name="localRepository" value="C:\Users\ruud\.m2\repository"/>
    <property name="file.separator" value="\"/>
    <property name="java.vendor.url.bug" value="http://java.sun.com/cgi-bin/bugreport.cgi"/>
    <property name="sun.cpu.endian" value="little"/>
    <property name="sun.io.unicode.encoding" value="UnicodeLittle"/>
    <property name="sun.desktop" value="windows"/>
    <property name="sun.cpu.isalist" value="amd64"/>
  </properties>
  <testcase time="0.123" classname="claro.scalaweb.test.XmlProducerTest" name="textXmlPerformance"/>
</testsuite>